KeyLogger is up and running.
Alegro initiallization...
Initiallizing ColLision Checker...
Initiallizing StateHolder...
Initiallizing SpriteHolder...
Initiallizing filmsInfo...
Initiallizing BitMapLoader...
Initiallizing	Animation Film Holder...
Initiallizing Terrain Builder...
Loading the terrain...
Opening file "kanoniko.lvl" ...DONE.
Writing the bricks....
DONE !!!
Writing the bricks....
DONE !!!
Writing the bricks....
DONE !!!
Writing the bricks....
DONE !!!
Writing the bricks....
DONE !!!
Writing the bricks....
DONE !!!
Writing the bricks....
DONE !!!
Writing the bricks....
DONE !!!
Writing the bricks....
DONE !!!
Writing the bricks....
DONE !!!
Writing the bricks....
DONE !!!
Writing the bricks....
DONE !!!
Writing the bricks....
DONE !!!
Writing the bricks....
DONE !!!
Writing the bricks....
DONE !!!
Writing the bricks....
DONE !!!
Writing the bricks....
DONE !!!
Writing the bricks....
DONE !!!
Writing the bricks....
DONE !!!
Writing the bricks....
DONE !!!
Writing the bricks....
DONE !!!
Writing the bricks....
DONE !!!
Writing the bricks....
DONE !!!
Writing the bricks....
DONE !!!
Writing the bricks....
DONE !!!
Writing the bricks....
DONE !!!
Writing the bricks....
DONE !!!
Writing the bricks....
DONE !!!
Writing the bricks....
DONE !!!
Writing the bricks....
DONE !!!
Writing the bricks....
DONE !!!
Writing the bricks....
DONE !!!
Writing the bricks....
DONE !!!
Writing the bricks....
DONE !!!
Writing the bricks....
DONE !!!
Writing the bricks....
DONE !!!
Writing the bricks....
DONE !!!
Writing the bricks....
DONE !!!
Writing the bricks....
DONE !!!
Writing the bricks....
DONE !!!
Writing the bricks....
DONE !!!
Writing the bricks....
DONE !!!
Writing the bricks....
DONE !!!
Writing the bricks....
DONE !!!
Writing the bricks....
DONE !!!
Writing the bricks....
DONE !!!
Writing the bricks....
DONE !!!
Writing the bricks....
DONE !!!
Writing the bricks....
DONE !!!
Writing the bricks....
DONE !!!
Writing the bricks....
DONE !!!
Writing the bricks....
DONE !!!
Writing the bricks....
DONE !!!
Writing the bricks....
DONE !!!
Writing the bricks....
DONE !!!
Writing the bricks....
DONE !!!
Writing the bricks....
DONE !!!
Writing the bricks....
DONE !!!
Writing the bricks....
DONE !!!
Writing the bricks....
DONE !!!
Writing the bricks....
DONE !!!
Writing the bricks....
DONE !!!
Writing the bricks....
DONE !!!
Writing the bricks....
DONE !!!
Writing the bricks....
DONE !!!
Writing the bricks....
DONE !!!
Writing the bricks....
DONE !!!
Writing the bricks....
DONE !!!
Writing the bricks....
DONE !!!
Writing the bricks....
DONE !!!
Writing the bricks....
DONE !!!
Writing the bricks....
DONE !!!
Writing the bricks....
DONE !!!
Writing the bricks....
DONE !!!
Writing the bricks....
DONE !!!
Writing the bricks....
DONE !!!
Writing the bricks....
DONE !!!
Writing the bricks....
DONE !!!
Writing the bricks....
DONE !!!
Writing the bricks....
DONE !!!
Writing the bricks....
DONE !!!
Writing the bricks....
DONE !!!
Writing the bricks....
DONE !!!
Writing the bricks....
DONE !!!
Writing the bricks....
DONE !!!
Writing the bricks....
DONE !!!
Writing the bricks....
DONE !!!
Writing the bricks....
DONE !!!
Writing the bricks....
DONE !!!
Writing the bricks....
DONE !!!
Writing the bricks....
DONE !!!
Writing the bricks....
DONE !!!
Writing the bricks....
DONE !!!
Writing the bricks....
DONE !!!
Writing the bricks....
DONE !!!
Writing the bricks....
DONE !!!
Writing the bricks....
DONE !!!
Writing the bricks....
DONE !!!
Writing the bricks....
DONE !!!
Writing the bricks....
DONE !!!
Writing the bricks....
DONE !!!
Writing the bricks....
DONE !!!
Writing the bricks....
DONE !!!
Writing the bricks....
DONE !!!
Writing the bricks....
DONE !!!
Writing the bricks....
DONE !!!
Writing the bricks....
DONE !!!
Writing the bricks....
DONE !!!
Writing the bricks....
DONE !!!
Writing the bricks....
DONE !!!
Writing the bricks....
DONE !!!
Writing the bricks....
DONE !!!
Writing the bricks....
DONE !!!
Writing the bricks....
DONE !!!
Writing the bricks....
DONE !!!
Writing the bricks....
DONE !!!
Writing the bricks....
DONE !!!
Writing the bricks....
DONE !!!
Writing the bricks....
DONE !!!
Writing the bricks....
DONE !!!
Writing the bricks....
DONE !!!
Writing the bricks....
DONE !!!
Writing the bricks....
DONE !!!
Writing the bricks....
DONE !!!
Writing the bricks....
DONE !!!
Writing the bricks....
DONE !!!
Writing the bricks....
DONE !!!
Writing the bricks....
DONE !!!
Writing the bricks....
DONE !!!
Writing the bricks....
DONE !!!
Writing the bricks....
DONE !!!
Writing the bricks....
DONE !!!
Writing the bricks....
DONE !!!
Writing the bricks....
DONE !!!
Writing the bricks....
DONE !!!
Writing the bricks....
DONE !!!
Writing the bricks....
DONE !!!
Writing the bricks....
DONE !!!
Writing the bricks....
DONE !!!
Writing the bricks....
DONE !!!
Writing the bricks....
DONE !!!
Writing the bricks....
DONE !!!
Writing the bricks....
DONE !!!
Writing the bricks....
DONE !!!
Writing the bricks....
DONE !!!
Writing the bricks....
DONE !!!
Writing the bricks....
DONE !!!
Writing the bricks....
DONE !!!
Writing the bricks....
DONE !!!
Writing the bricks....
DONE !!!
Writing the bricks....
DONE !!!
Writing the bricks....
DONE !!!
Writing the bricks....
DONE !!!
Writing the bricks....
DONE !!!
Writing the bricks....
DONE !!!
Writing the bricks....
DONE !!!
Writing the bricks....
DONE !!!
Writing the bricks....
DONE !!!
Writing the bricks....
DONE !!!
Writing the bricks....
DONE !!!
Writing the bricks....
DONE !!!
Writing the bricks....
DONE !!!
Writing the bricks....
DONE !!!
Writing the bricks....
DONE !!!
Writing the bricks....
DONE !!!
Writing the bricks....
DONE !!!
Writing the bricks....
DONE !!!
Writing the bricks....
DONE !!!
Writing the bricks....
DONE !!!
Writing the bricks....
DONE !!!
Writing the bricks....
DONE !!!
Writing the bricks....
DONE !!!
Writing the bricks....
DONE !!!
Writing the bricks....
DONE !!!
Writing the bricks....
DONE !!!
Writing the bricks....
DONE !!!
Writing the bricks....
DONE !!!
Writing the bricks....
DONE !!!
Writing the bricks....
DONE !!!
Writing the bricks....
DONE !!!
Writing the bricks....
DONE !!!
Writing the bricks....
DONE !!!
Writing the bricks....
DONE !!!
Writing the bricks....
DONE !!!
Writing the bricks....
DONE !!!
Writing the bricks....
DONE !!!
Writing the bricks....
DONE !!!
Writing the bricks....
DONE !!!
Writing the bricks....
DONE !!!
Writing the bricks....
DONE !!!
Writing the bricks....
DONE !!!
Writing the bricks....
DONE !!!
Writing the bricks....
DONE !!!
Writing the bricks....
DONE !!!
Writing the bricks....
DONE !!!
Writing the bricks....
DONE !!!
Writing the bricks....
DONE !!!
Writing the bricks....
DONE !!!
Writing the bricks....
DONE !!!
Writing the bricks....
DONE !!!
Writing the bricks....
DONE !!!
Writing the bricks....
DONE !!!
Writing the bricks....
DONE !!!
Writing the bricks....
DONE !!!
Writing the bricks....
DONE !!!
Writing the bricks....
DONE !!!
Writing the bricks....
DONE !!!
Writing the bricks....
DONE !!!
Writing the bricks....
DONE !!!
Writing the bricks....
DONE !!!
Writing the bricks....
DONE !!!
Writing the bricks....
DONE !!!
Writing the bricks....
DONE !!!
Writing the bricks....
DONE !!!
Writing the bricks....
DONE !!!
Writing the bricks....
DONE !!!
Writing the bricks....
DONE !!!
Writing the bricks....
DONE !!!
Writing the bricks....
DONE !!!
Writing the bricks....
DONE !!!
Writing the bricks....
DONE !!!
Writing the bricks....
DONE !!!
Writing the bricks....
DONE !!!
Writing the bricks....
DONE !!!
Writing the bricks....
DONE !!!
Writing the bricks....
DONE !!!
Writing the bricks....
DONE !!!
Writing the bricks....
DONE !!!
Writing the bricks....
DONE !!!
Writing the bricks....
DONE !!!
Writing the bricks....
DONE !!!
Writing the bricks....
DONE !!!
Writing the bricks....
DONE !!!
Writing the bricks....
DONE !!!
Writing the bricks....
DONE !!!
Writing the bricks....
DONE !!!
Writing the bricks....
DONE !!!
Writing the bricks....
DONE !!!
Writing the bricks....
DONE !!!
Writing the bricks....
DONE !!!
Writing the bricks....
DONE !!!
Writing the bricks....
DONE !!!
Writing the bricks....
DONE !!!
Writing the bricks....
DONE !!!
Writing the bricks....
DONE !!!
Writing the bricks....
DONE !!!
Writing the bricks....
DONE !!!
Writing the bricks....
DONE !!!
Writing the bricks....
DONE !!!
Writing the bricks....
DONE !!!
Writing the bricks....
DONE !!!
Writing the bricks....
DONE !!!
Writing the bricks....
DONE !!!
Writing the bricks....
DONE !!!
Writing the bricks....
DONE !!!
Writing the bricks....
DONE !!!
Writing the bricks....
DONE !!!
Writing the bricks....
DONE !!!
Writing the bricks....
DONE !!!
Writing the bricks....
DONE !!!
Writing the bricks....
DONE !!!
Writing the bricks....
DONE !!!
Writing the bricks....
DONE !!!
Writing the bricks....
DONE !!!
Writing the bricks....
DONE !!!
Writing the bricks....
DONE !!!
Writing the bricks....
DONE !!!
Writing the bricks....
DONE !!!
Writing the bricks....
DONE !!!
Writing the bricks....
DONE !!!
Writing the bricks....
DONE !!!
Writing the bricks....
DONE !!!
Writing the bricks....
DONE !!!
Writing the bricks....
DONE !!!
Writing the bricks....
DONE !!!
Writing the bricks....
DONE !!!
Writing the bricks....
DONE !!!
Writing the bricks....
DONE !!!
Writing the bricks....
DONE !!!
Writing the bricks....
DONE !!!
Writing the bricks....
DONE !!!
Writing the bricks....
DONE !!!
Writing the bricks....
DONE !!!
Writing the bricks....
DONE !!!
Writing the bricks....
DONE !!!
Writing the bricks....
DONE !!!
Writing the bricks....
DONE !!!
Writing the bricks....
DONE !!!
Writing the bricks....
DONE !!!
Writing the bricks....
DONE !!!
Writing the bricks....
DONE !!!
Writing the bricks....
DONE !!!
Writing the bricks....
DONE !!!
Writing the bricks....
DONE !!!
Writing the bricks....
DONE !!!
Writing the bricks....
DONE !!!
Writing the bricks....
DONE !!!
Writing the bricks....
DONE !!!
Writing the bricks....
DONE !!!
Writing the bricks....
DONE !!!
Writing the bricks....
DONE !!!
Writing the bricks....
DONE !!!
Writing the bricks....
DONE !!!
Writing the bricks....
DONE !!!
Writing the bricks....
DONE !!!
Writing the bricks....
DONE !!!
Writing the bricks....
DONE !!!
Writing the bricks....
DONE !!!
Writing the bricks....
DONE !!!
Writing the bricks....
DONE !!!
Writing the bricks....
DONE !!!
Writing the bricks....
DONE !!!
Writing the bricks....
DONE !!!
Writing the bricks....
DONE !!!
Writing the bricks....
DONE !!!
Writing the bricks....
DONE !!!
Writing the bricks....
DONE !!!
Writing the bricks....
DONE !!!
Writing the bricks....
DONE !!!
Writing the bricks....
DONE !!!
Writing the bricks....
DONE !!!
Writing the bricks....
DONE !!!
Writing the bricks....
DONE !!!
Writing the bricks....
DONE !!!
Writing the bricks....
DONE !!!
Writing the bricks....
DONE !!!
Writing the bricks....
DONE !!!
Writing the bricks....
DONE !!!
Writing the bricks....
DONE !!!
Writing the bricks....
DONE !!!
Writing the bricks....
DONE !!!
Writing the bricks....
DONE !!!
Writing the bricks....
DONE !!!
Writing the bricks....
DONE !!!
Writing the bricks....
DONE !!!
Writing the bricks....
DONE !!!
Writing the bricks....
DONE !!!
Writing the bricks....
DONE !!!
Writing the bricks....
DONE !!!
Writing the bricks....
DONE !!!
Writing the bricks....
DONE !!!
Writing the bricks....
DONE !!!
Writing the bricks....
DONE !!!
Writing the bricks....
DONE !!!
Writing the bricks....
DONE !!!
Writing the bricks....
DONE !!!
Writing the bricks....
DONE !!!
Writing the bricks....
DONE !!!
Writing the bricks....
DONE !!!
Writing the bricks....
DONE !!!
Writing the bricks....
DONE !!!
Writing the bricks....
DONE !!!
Writing the bricks....
DONE !!!
Writing the bricks....
DONE !!!
Writing the bricks....
DONE !!!
Writing the bricks....
DONE !!!
Writing the bricks....
DONE !!!
Writing the bricks....
DONE !!!
Writing the bricks....
DONE !!!
Writing the bricks....
DONE !!!
Writing the bricks....
DONE !!!
Writing the bricks....
DONE !!!
Writing the bricks....
DONE !!!
Writing the bricks....
DONE !!!
Writing the bricks....
DONE !!!
Writing the bricks....
DONE !!!
Writing the bricks....
DONE !!!
Writing the bricks....
DONE !!!
Writing the bricks....
DONE !!!
Writing the bricks....
DONE !!!
Writing the bricks....
DONE !!!
Writing the bricks....
DONE !!!
Writing the bricks....
DONE !!!
Creating the ball...
Creating the board...
Creating the Walls...
